<?xml version="1.0" encoding="utf-8"?><testsuites name="pytest tests"><testsuite name="pytest" errors="0" failures="0" skipped="0" tests="8" time="9.192" timestamp="2026-06-08T19:16:19.558463+00:00" hostname="agent-env-e73f08d6-c3b9-4857-8f80-28212b00fcde"><testcase classname="backend.tests.test_auth_phase1" name="test_me_no_token_returns_401" time="0.280" /><testcase classname="backend.tests.test_auth_phase1" name="test_me_guardian_returns_correct_fields" time="0.171" /><testcase classname="backend.tests.test_auth_phase1" name="test_me_visitor_role_for_non_guardian_email" time="0.121" /><testcase classname="backend.tests.test_auth_phase1" name="test_me_expired_session_returns_401" time="0.153" /><testcase classname="backend.tests.test_auth_phase1" name="test_me_invalid_token_returns_401" time="0.131" /><testcase classname="backend.tests.test_auth_phase1" name="test_session_post_missing_header_returns_400" time="0.160" /><testcase classname="backend.tests.test_auth_phase1" name="test_logout_deletes_session" time="0.618" /><testcase classname="backend.tests.test_auth_phase1" name="test_hospitality_start_regression" time="7.388" /></testsuite></testsuites>