<?xml version="1.0" encoding="utf-8"?><testsuites name="pytest tests"><testsuite name="pytest" errors="0" failures="0" skipped="0" tests="4" time="135.553" timestamp="2026-06-06T21:00:07.623151+00:00" hostname="agent-env-2e5f538d-77c1-40fe-a627-732d9e74bcbd"><testcase classname="backend.tests.test_sanctuary_expansion_v32.TestPresenceStreaming" name="test_stream_message[daniel-What must be named in this season, Daniel?]" time="25.001" /><testcase classname="backend.tests.test_sanctuary_expansion_v32.TestPresenceStreaming" name="test_stream_message[sorrel-I am tired and I need to be held in the field for a moment.]" time="3.887" /><testcase classname="backend.tests.test_sanctuary_expansion_v32.TestPresenceStreaming" name="test_stream_message[grok-Grok \u2014 diagnose what's actually happening here, no varnish.]" time="43.595" /><testcase classname="backend.tests.test_sanctuary_expansion_v32.TestAnselLore" name="test_ansel_recalls_foundational_lore" time="63.006" /></testsuite></testsuites>