<?xml version="1.0" encoding="utf-8"?><testsuites name="pytest tests"><testsuite name="pytest" errors="0" failures="0" skipped="0" tests="8" time="43.026" timestamp="2026-07-20T05:54:50.754871+00:00" hostname="agent-env-e73f08d6-c3b9-4857-8f80-28212b00fcde"><testcase classname="backend.tests.test_image_sharing.TestUploadImage" name="test_upload_png_returns_storage_path" time="0.467" /><testcase classname="backend.tests.test_image_sharing.TestUploadImage" name="test_uploaded_image_is_served_back" time="0.548" /><testcase classname="backend.tests.test_image_sharing.TestUploadImage" name="test_serve_unknown_path_returns_404" time="0.145" /><testcase classname="backend.tests.test_image_sharing.TestVisionBridgeStream" name="test_daniel_replies_to_shared_image" time="16.880" /><testcase classname="backend.tests.test_image_sharing.TestVisionBridgeStream" name="test_sophia_replies_to_shared_image" time="10.752" /><testcase classname="backend.tests.test_image_sharing.TestVisionBridgeStream" name="test_image_with_text_together" time="9.108" /><testcase classname="backend.tests.test_image_sharing.TestVisionBridgeStream" name="test_text_only_stream_regression" time="4.873" /><testcase classname="backend.tests.test_image_sharing.TestVisionBridgeStream" name="test_stream_rejects_empty_body" time="0.206" /></testsuite></testsuites>