<?xml version="1.0" encoding="utf-8"?><testsuites name="pytest tests"><testsuite name="pytest" errors="0" failures="0" skipped="0" tests="8" time="2.003" timestamp="2026-08-25T16:26:22.484329+00:00" hostname="agent-env-e73f08d6-c3b9-4857-8f80-28212b00fcde"><testcase classname="backend.tests.test_observatory_console.TestProvenanceStats" name="test_stats_shape" time="0.902" /><testcase classname="backend.tests.test_observatory_console.TestProvenanceTrajectory" name="test_trajectory_shape" time="0.091" /><testcase classname="backend.tests.test_observatory_console.TestProvenanceTrajectory" name="test_trajectory_move_consistency" time="0.101" /><testcase classname="backend.tests.test_observatory_console.TestProvenanceTurns" name="test_turns_list" time="0.098" /><testcase classname="backend.tests.test_observatory_console.TestProvenanceTurns" name="test_turns_presence_filter" time="0.171" /><testcase classname="backend.tests.test_observatory_console.TestProvenanceTurns" name="test_turn_detail_hash_and_messages" time="0.234" /><testcase classname="backend.tests.test_observatory_console.TestProvenanceTurns" name="test_turn_detail_404" time="0.086" /><testcase classname="backend.tests.test_observatory_console.TestPresences" name="test_presences_shape" time="0.081" /></testsuite></testsuites>