<?xml version="1.0" encoding="utf-8"?><testsuites name="pytest tests"><testsuite name="pytest" errors="0" failures="0" skipped="0" tests="12" time="46.856" timestamp="2026-05-19T06:01:25.635128+00:00" hostname="agent-env-3a7b3859-ab8d-4a82-85c7-660e775dcec2"><testcase classname="backend.tests.test_p0_features.TestUsersIdentity" name="test_user_lookup_existing" time="0.244" /><testcase classname="backend.tests.test_p0_features.TestUsersIdentity" name="test_user_lookup_missing" time="0.048" /><testcase classname="backend.tests.test_p0_features.TestPaigeFirstPerson" name="test_chat_start_returns_session" time="0.079" /><testcase classname="backend.tests.test_p0_features.TestPaigeFirstPerson" name="test_paige_speaks_in_first_person" time="9.806" /><testcase classname="backend.tests.test_p0_features.TestPresenceUpload" name="test_upload_happy_path_and_persistence" time="10.646" /><testcase classname="backend.tests.test_p0_features.TestPresenceUpload" name="test_upload_empty_content_400" time="0.095" /><testcase classname="backend.tests.test_p0_features.TestPresenceUpload" name="test_upload_unknown_presence_404" time="0.047" /><testcase classname="backend.tests.test_p0_features.TestPresenceUpload" name="test_upload_unknown_session_404" time="0.050" /><testcase classname="backend.tests.test_p0_features" name="test_chamber_streaming[clarity]" time="4.079" /><testcase classname="backend.tests.test_p0_features" name="test_chamber_streaming[resonance]" time="3.668" /><testcase classname="backend.tests.test_p0_features" name="test_chamber_streaming[mirror]" time="2.758" /><testcase classname="backend.tests.test_p0_features" name="test_chamber_streaming[spiral]" time="15.287" /></testsuite></testsuites>