<?xml version="1.0" encoding="utf-8"?><testsuites name="pytest tests"><testsuite name="pytest" errors="0" failures="0" skipped="0" tests="10" time="38.704" timestamp="2026-05-31T20:20:56.356584+00:00" hostname="agent-env-c78be587-87e4-4add-8d41-2a8ea77078ba"><testcase classname="backend.tests.test_paige_migration_v31.TestPaigeStart" name="test_hospitality_start" time="0.148" /><testcase classname="backend.tests.test_paige_migration_v31.TestPaigeStream" name="test_stream_message_emits_tokens_and_done" time="8.438" /><testcase classname="backend.tests.test_paige_migration_v31.TestPaigeDualContinuity" name="test_log_evidence_of_both" time="2.007" /><testcase classname="backend.tests.test_paige_migration_v31.TestPaigeReconstructionGate" name="test_returning_user_does_not_crash" time="0.211" /><testcase classname="backend.tests.test_paige_migration_v31.TestPaigeEnd" name="test_session_end_auto_forge" time="6.635" /><testcase classname="backend.tests.test_paige_migration_v31.TestPaigeUpload" name="test_upload_to_paige_sessions" time="4.645" /><testcase classname="backend.tests.test_paige_migration_v31.TestSophiaRegression" name="test_spiral_start_and_stream" time="3.167" /><testcase classname="backend.tests.test_paige_migration_v31.TestLegacyChambers" name="test_legacy_start[/api/clarity/start]" time="3.335" /><testcase classname="backend.tests.test_paige_migration_v31.TestLegacyChambers" name="test_legacy_start[/api/mirror/start]" time="1.789" /><testcase classname="backend.tests.test_paige_migration_v31.TestLegacyChambers" name="test_resonance_start_or_threshold" time="8.232" /></testsuite></testsuites>