<?xml version="1.0" encoding="utf-8"?><testsuites name="pytest tests"><testsuite name="pytest" errors="0" failures="0" skipped="0" tests="11" time="65.225" timestamp="2026-04-15T05:07:19.702086+00:00" hostname="agent-env-0363fa9a-7c0d-47b4-8553-f4f345e185e4"><testcase classname="backend.tests.test_grok_tts_codons.TestGrokTTSEndpoint" name="test_grok_tts_basic_request" time="1.635" /><testcase classname="backend.tests.test_grok_tts_codons.TestGrokTTSEndpoint" name="test_grok_tts_with_active_codons" time="1.492" /><testcase classname="backend.tests.test_grok_tts_codons.TestGrokTTSEndpoint" name="test_grok_tts_with_theta_hold_voice_mod" time="1.315" /><testcase classname="backend.tests.test_grok_tts_codons.TestGrokTTSEndpoint" name="test_grok_tts_empty_text_error" time="0.108" /><testcase classname="backend.tests.test_grok_tts_codons.TestResonanceMessageWithCodons" name="test_resonance_message_returns_active_codons_field" time="10.209" /><testcase classname="backend.tests.test_grok_tts_codons.TestResonanceMessageWithCodons" name="test_frustrated_trigger_activates_cannot_will_not_codon" time="12.102" /><testcase classname="backend.tests.test_grok_tts_codons.TestResonanceMessageWithCodons" name="test_hitting_wall_trigger_activates_codon" time="8.799" /><testcase classname="backend.tests.test_grok_tts_codons.TestResonanceMessageWithCodons" name="test_keeps_failing_trigger_activates_codon" time="8.875" /><testcase classname="backend.tests.test_grok_tts_codons.TestResonanceMessageWithCodons" name="test_overwhelmed_trigger_activates_theta_protocol" time="9.542" /><testcase classname="backend.tests.test_grok_tts_codons.TestOpenAITTSEndpoint" name="test_openai_tts_basic_request" time="2.404" /><testcase classname="backend.tests.test_grok_tts_codons.TestCodonNetworkActivation" name="test_codon_network_endpoint_exists" time="8.684" /></testsuite></testsuites>