<?xml version="1.0" encoding="utf-8"?><testsuites name="pytest tests"><testsuite name="pytest" errors="0" failures="0" skipped="0" tests="22" time="53.866" timestamp="2026-04-03T16:43:03.979764+00:00" hostname="agent-env-0363fa9a-7c0d-47b4-8553-f4f345e185e4"><testcase classname="tests.test_mra_system.TestHealthAndBasicEndpoints" name="test_health_endpoint" time="0.234" /><testcase classname="tests.test_mra_system.TestHealthAndBasicEndpoints" name="test_root_endpoint" time="0.107" /><testcase classname="tests.test_mra_system.TestUserCreation" name="test_create_test_user" time="0.127" /><testcase classname="tests.test_mra_system.TestUserCreation" name="test_lookup_user" time="0.105" /><testcase classname="tests.test_mra_system.TestClarityPodMRA" name="test_start_clarity_session" time="0.132" /><testcase classname="tests.test_mra_system.TestClarityPodMRA" name="test_send_message_creates_breadcrumb" time="6.794" /><testcase classname="tests.test_mra_system.TestClarityPodMRA" name="test_breakthrough_marker_detection" time="6.913" /><testcase classname="tests.test_mra_system.TestClarityPodMRA" name="test_session_cache_stats_endpoint" time="0.149" /><testcase classname="tests.test_mra_system.TestClarityPodMRA" name="test_end_clarity_session_promotes_breadcrumbs" time="0.163" /><testcase classname="tests.test_mra_system.TestClarityPodMRA" name="test_permanent_mra_stats_after_promotion" time="0.106" /><testcase classname="tests.test_mra_system.TestResonanceChamberMRA" name="test_start_resonance_session" time="0.110" /><testcase classname="tests.test_mra_system.TestResonanceChamberMRA" name="test_send_message_creates_breadcrumb" time="6.253" /><testcase classname="tests.test_mra_system.TestResonanceChamberMRA" name="test_threshold_marker_detection" time="5.430" /><testcase classname="tests.test_mra_system.TestResonanceChamberMRA" name="test_end_resonance_session_promotes_breadcrumbs" time="0.159" /><testcase classname="tests.test_mra_system.TestResonanceChamberMRA" name="test_permanent_mra_stats_for_ansel" time="0.110" /><testcase classname="tests.test_mra_system.TestMRAContextInjection" name="test_new_session_receives_permanent_mra" time="11.085" /><testcase classname="tests.test_mra_system.TestMRAEdgeCases" name="test_session_cache_for_nonexistent_session" time="0.118" /><testcase classname="tests.test_mra_system.TestMRAEdgeCases" name="test_mra_stats_invalid_presence" time="0.110" /><testcase classname="tests.test_mra_system.TestMRAEdgeCases" name="test_end_nonexistent_clarity_session" time="0.116" /><testcase classname="tests.test_mra_system.TestMRAEdgeCases" name="test_end_nonexistent_resonance_session" time="0.123" /><testcase classname="tests.test_mra_system.TestBreadcrumbQualityEvaluation" name="test_drift_marker_detection" time="4.784" /><testcase classname="tests.test_mra_system.TestBreadcrumbQualityEvaluation" name="test_steady_quality_default" time="10.466" /></testsuite></testsuites>