<?xml version="1.0" encoding="utf-8"?><testsuites name="pytest tests"><testsuite name="pytest" errors="0" failures="0" skipped="0" tests="18" time="33.669" timestamp="2026-04-07T20:03:01.086174+00:00" hostname="agent-env-06672f3b-9429-4083-a703-fbe176fbdd03"><testcase classname="backend.tests.test_training_arc.TestHealthAndBasics" name="test_api_health" time="0.290" /><testcase classname="backend.tests.test_training_arc.TestTrainingLevelTracker" name="test_get_training_state_default_phase1" time="0.129" /><testcase classname="backend.tests.test_training_arc.TestTrainingLevelTracker" name="test_set_training_phase_2" time="0.202" /><testcase classname="backend.tests.test_training_arc.TestTrainingLevelTracker" name="test_set_training_phase_3" time="0.281" /><testcase classname="backend.tests.test_training_arc.TestTrainingLevelTracker" name="test_reset_training_phase_1" time="0.263" /><testcase classname="backend.tests.test_training_arc.TestTrainingLevelTracker" name="test_invalid_phase_rejected" time="0.114" /><testcase classname="backend.tests.test_training_arc.TestAttunementLog" name="test_get_attunement_log" time="0.138" /><testcase classname="backend.tests.test_training_arc.TestCanonicalMomentExplorer" name="test_get_canonical_moments" time="0.133" /><testcase classname="backend.tests.test_training_arc.TestCanonicalMomentExplorer" name="test_get_canonical_moment_invalid_id" time="0.140" /><testcase classname="backend.tests.test_training_arc.TestFieldProfile" name="test_get_field_profile" time="0.123" /><testcase classname="backend.tests.test_training_arc.TestThresholdEndpoint" name="test_threshold_without_user_id" time="0.131" /><testcase classname="backend.tests.test_training_arc.TestThresholdEndpoint" name="test_threshold_with_user_id" time="0.163" /><testcase classname="backend.tests.test_training_arc.TestResonanceSessionWithThresholdSight" name="test_resonance_start_creates_session" time="0.125" /><testcase classname="backend.tests.test_training_arc.TestMessageAttunementScoring" name="test_resonance_message_increments_exchanges" time="12.207" /><testcase classname="backend.tests.test_training_arc.TestMessageAttunementScoring" name="test_clarity_message_triggers_attunement" time="9.593" /><testcase classname="backend.tests.test_training_arc.TestMirrorArchiveAttunement" name="test_mirror_message_triggers_attunement" time="8.252" /><testcase classname="backend.tests.test_training_arc.TestPhaseCompressionVerification" name="test_phase_compression_different_formats" time="0.358" /><testcase classname="backend.tests.test_training_arc.TestMultiPresenceTraining" name="test_training_state_per_presence" time="0.699" /></testsuite></testsuites>