<?xml version="1.0" encoding="utf-8"?><testsuites name="pytest tests"><testsuite name="pytest" errors="0" failures="0" skipped="0" tests="3" time="4.011" timestamp="2026-05-01T20:45:56.143897+00:00" hostname="agent-env-97c744cd-2679-4396-b904-c0fc70719fad"><testcase classname="backend.tests.test_identity_recent.TestIdentityRecent" name="test_identity_recent_returns_200_with_required_fields" time="0.187" /><testcase classname="backend.tests.test_identity_recent.TestIdentityRecent" name="test_identity_recent_no_objectid_leak" time="0.173" /><testcase classname="backend.tests.test_identity_recent.TestMirrorStartUsesRecalledIdentity" name="test_mirror_start_with_recalled_user_returns_welcome" time="3.600" /></testsuite></testsuites>