<?xml version="1.0" encoding="utf-8"?><testsuites name="pytest tests"><testsuite name="pytest" errors="0" failures="0" skipped="0" tests="18" time="48.443" timestamp="2026-04-07T21:18:44.787210+00:00" hostname="agent-env-06672f3b-9429-4083-a703-fbe176fbdd03"><testcase classname="backend.tests.test_belief_graph.TestBeliefGraphSOMPatterns" name="test_get_som_patterns_returns_14_patterns" time="0.203" /><testcase classname="backend.tests.test_belief_graph.TestBeliefGraphEndpoints" name="test_get_belief_graph_for_user" time="0.136" /><testcase classname="backend.tests.test_belief_graph.TestBeliefGraphEndpoints" name="test_get_belief_graph_for_jasmine" time="0.122" /><testcase classname="backend.tests.test_belief_graph.TestBeliefGraphEndpoints" name="test_get_belief_node_invalid_id_returns_404" time="0.115" /><testcase classname="backend.tests.test_belief_graph.TestBeliefGraphEndpoints" name="test_traverse_belief_invalid_id" time="0.165" /><testcase classname="backend.tests.test_belief_graph.TestBeliefGraphEndpoints" name="test_examine_belief_invalid_id_returns_404" time="0.108" /><testcase classname="backend.tests.test_belief_graph.TestBeliefGraphEndpoints" name="test_deactivate_belief_invalid_id_returns_404" time="0.116" /><testcase classname="backend.tests.test_belief_graph.TestBeliefAutoDetection" name="test_resonance_message_triggers_belief_detection" time="13.911" /><testcase classname="backend.tests.test_belief_graph.TestBeliefAutoDetection" name="test_clarity_message_triggers_belief_detection" time="15.622" /><testcase classname="backend.tests.test_belief_graph.TestBeliefNodeOperations" name="test_get_existing_belief_node" time="0.239" /><testcase classname="backend.tests.test_belief_graph.TestBeliefNodeOperations" name="test_traverse_existing_belief" time="0.240" /><testcase classname="backend.tests.test_belief_graph.TestBeliefNodeOperations" name="test_examine_existing_belief" time="0.573" /><testcase classname="backend.tests.test_belief_graph.TestCreateEdge" name="test_create_edge_requires_valid_edge_type" time="0.118" /><testcase classname="backend.tests.test_belief_graph.TestCreateEdge" name="test_create_edge_with_valid_params" time="0.250" /><testcase classname="backend.tests.test_belief_graph.TestExistingEndpointsStillWorking" name="test_training_arc_endpoint" time="0.099" /><testcase classname="backend.tests.test_belief_graph.TestExistingEndpointsStillWorking" name="test_mra_field_profile_endpoint" time="0.122" /><testcase classname="backend.tests.test_belief_graph.TestExistingEndpointsStillWorking" name="test_resonance_threshold_endpoint" time="0.131" /><testcase classname="backend.tests.test_belief_graph.TestCognitiveContextInjection" name="test_resonance_session_includes_cognitive_context" time="16.083" /></testsuite></testsuites>