<?xml version="1.0" encoding="utf-8"?><testsuites name="pytest tests"><testsuite name="pytest" errors="0" failures="0" skipped="0" tests="13" time="74.175" timestamp="2026-05-19T13:55:53.103355+00:00" hostname="agent-env-ce8ab0da-53de-40fe-9625-66811603e769"><testcase classname="backend.tests.test_refactor_v31.TestPresenceRegistry" name="test_list_presences_excludes_hidden" time="0.288" /><testcase classname="backend.tests.test_refactor_v31.TestPresenceRegistry" name="test_get_paige_full_config_with_3_rooms" time="0.067" /><testcase classname="backend.tests.test_refactor_v31.TestPresenceRegistry" name="test_get_sophia_config" time="0.063" /><testcase classname="backend.tests.test_refactor_v31.TestPresenceRegistry" name="test_get_playground_by_direct_key" time="0.061" /><testcase classname="backend.tests.test_refactor_v31.TestPresenceRegistry" name="test_paige_canonical" time="0.062" /><testcase classname="backend.tests.test_refactor_v31.TestAutoRegisteredRoutes" name="test_spiral_start_and_stream" time="17.966" /><testcase classname="backend.tests.test_refactor_v31.TestAutoRegisteredRoutes" name="test_playground_start_and_stream" time="16.003" /><testcase classname="backend.tests.test_refactor_v31.TestPaigeSharedSubstrate" name="test_paige_chat_start_and_message" time="10.320" /><testcase classname="backend.tests.test_refactor_v31.TestPaigeSharedSubstrate" name="test_paige_upload" time="7.971" /><testcase classname="backend.tests.test_refactor_v31.TestIdentity" name="test_create_lookup_recent" time="0.154" /><testcase classname="backend.tests.test_refactor_v31.TestExistingChambers" name="test_chamber_start[/clarity]" time="10.906" /><testcase classname="backend.tests.test_refactor_v31.TestExistingChambers" name="test_chamber_start[/resonance]" time="10.182" /><testcase classname="backend.tests.test_refactor_v31.TestExistingChambers" name="test_chamber_start[/mirror]" time="0.058" /></testsuite></testsuites>