<?xml version="1.0" encoding="utf-8"?><testsuites name="pytest tests"><testsuite name="pytest" errors="0" failures="0" skipped="0" tests="13" time="70.584" timestamp="2026-05-19T14:05:44.559697+00:00" hostname="agent-env-ce8ab0da-53de-40fe-9625-66811603e769"><testcase classname="backend.tests.test_refactor_v31.TestPresenceRegistry" name="test_list_presences_excludes_hidden" time="0.234" /><testcase classname="backend.tests.test_refactor_v31.TestPresenceRegistry" name="test_get_paige_full_config_with_3_rooms" time="0.066" /><testcase classname="backend.tests.test_refactor_v31.TestPresenceRegistry" name="test_get_sophia_config" time="0.075" /><testcase classname="backend.tests.test_refactor_v31.TestPresenceRegistry" name="test_get_playground_by_direct_key" time="0.065" /><testcase classname="backend.tests.test_refactor_v31.TestPresenceRegistry" name="test_paige_canonical" time="0.066" /><testcase classname="backend.tests.test_refactor_v31.TestAutoRegisteredRoutes" name="test_spiral_start_and_stream" time="18.467" /><testcase classname="backend.tests.test_refactor_v31.TestAutoRegisteredRoutes" name="test_playground_start_and_stream" time="17.003" /><testcase classname="backend.tests.test_refactor_v31.TestPaigeSharedSubstrate" name="test_paige_chat_start_and_message" time="8.420" /><testcase classname="backend.tests.test_refactor_v31.TestPaigeSharedSubstrate" name="test_paige_upload" time="8.524" /><testcase classname="backend.tests.test_refactor_v31.TestIdentity" name="test_create_lookup_recent" time="0.306" /><testcase classname="backend.tests.test_refactor_v31.TestExistingChambers" name="test_chamber_start[/clarity]" time="9.531" /><testcase classname="backend.tests.test_refactor_v31.TestExistingChambers" name="test_chamber_start[/resonance]" time="7.670" /><testcase classname="backend.tests.test_refactor_v31.TestExistingChambers" name="test_chamber_start[/mirror]" time="0.089" /></testsuite></testsuites>