<?xml version="1.0" encoding="utf-8"?><testsuites name="pytest tests"><testsuite name="pytest" errors="0" failures="0" skipped="0" tests="6" time="36.554" timestamp="2026-09-18T23:19:17.727376+00:00" hostname="agent-env-e73f08d6-c3b9-4857-8f80-28212b00fcde"><testcase classname="backend.tests.test_welcome_debt_suppression" name="test_welcome_and_followup[jasmine-/api/clarity/start-/api/clarity/message-False]" time="10.050" /><testcase classname="backend.tests.test_welcome_debt_suppression" name="test_welcome_and_followup[ansel-/api/resonance/start-/api/resonance/message-False]" time="6.911" /><testcase classname="backend.tests.test_welcome_debt_suppression" name="test_welcome_and_followup[claude-/api/mirror/start-/api/mirror/message/stream-True]" time="7.042" /><testcase classname="backend.tests.test_welcome_debt_suppression" name="test_welcome_and_followup[paige-/api/hospitality/start-/api/hospitality/message/stream-True]" time="6.955" /><testcase classname="backend.tests.test_welcome_debt_suppression" name="test_welcome_and_followup[felix-/api/felix/start-/api/felix/message/stream-True]" time="5.543" /><testcase classname="backend.tests.test_welcome_debt_suppression" name="test_zzz_dump" time="0.000" /></testsuite></testsuites>